nxc smb 172.16.0.1 -u testuser -p 'Password1' -M enum_av

https://github.com/Pennyw0rth/NetExec/blob/main/nxc/modules/enum_av.py#L135

11/18/2024 08:42:40 PM
LogName=Security
EventCode=5145
EventType=0
ComputerName=DC01.mydomain.com
SourceName=Microsoft Windows security auditing.
Type=Information
RecordNumber=242613
Keywords=Audit Success
TaskCategory=Detailed File Share
OpCode=Info
Message=A network share object was checked to see whether client can be granted desired access.
	
Subject:
	Security ID:		S-1-5-21-3972285633-2492191808-684716012-1110
	Account Name:		testuser
	Account Domain:		MYDOMAIN
	Logon ID:		0x383DAC

Network Information:	
	Object Type:		File
	Source Address:		172.16.0.101
	Source Port:		53984
	
Share Information:
	Share Name:		\\*\IPC$
	Share Path:		
	Relative Target Name:	\

Access Request Information:
	Access Mask:		0x81
	Accesses:		ReadData (or ListDirectory)
				ReadAttributes
				
Access Check Results:
	-

11/18/2024 08:42:40 PM
LogName=Security
EventCode=5145
EventType=0
ComputerName=DC01.mydomain.com
SourceName=Microsoft Windows security auditing.
Type=Information
RecordNumber=242612
Keywords=Audit Success
TaskCategory=Detailed File Share
OpCode=Info
Message=A network share object was checked to see whether client can be granted desired access.
	
Subject:
	Security ID:		S-1-5-21-3972285633-2492191808-684716012-1110
	Account Name:		testuser
	Account Domain:		MYDOMAIN
	Logon ID:		0x383DD6

Network Information:	
	Object Type:		File
	Source Address:		172.16.0.101
	Source Port:		53986
	
Share Information:
	Share Name:		\\*\IPC$
	Share Path:		
	Relative Target Name:	lsarpc

Access Request Information:
	Access Mask:		0x3
	Accesses:		ReadData (or ListDirectory)
				WriteData (or AddFile)
				
Access Check Results:
	-

 11/18/2024 08:42:40 PM
LogName=Security
EventCode=5140
EventType=0
ComputerName=DC01.mydomain.com
SourceName=Microsoft Windows security auditing.
Type=Information
RecordNumber=242611
Keywords=Audit Success
TaskCategory=File Share
OpCode=Info
Message=A network share object was accessed.
	
Subject:
	Security ID:		S-1-5-21-3972285633-2492191808-684716012-1110
	Account Name:		testuser
	Account Domain:		MYDOMAIN
	Logon ID:		0x383DD6

Network Information:	
	Object Type:		File
	Source Address:		172.16.0.101
	Source Port:		53986
	
Share Information:
	Share Name:		\\*\IPC$
	Share Path:		

Access Request Information:
	Access Mask:		0x1
	Accesses:		ReadData (or ListDirectory)


 11/18/2024 08:42:40 PM
LogName=Security
EventCode=5145
EventType=0
ComputerName=DC01.mydomain.com
SourceName=Microsoft Windows security auditing.
Type=Information
RecordNumber=242606
Keywords=Audit Success
TaskCategory=Detailed File Share
OpCode=Info
Message=A network share object was checked to see whether client can be granted desired access.
	
Subject:
	Security ID:		S-1-5-21-3972285633-2492191808-684716012-1110
	Account Name:		testuser
	Account Domain:		MYDOMAIN
	Logon ID:		0x383DAC

Network Information:	
	Object Type:		File
	Source Address:		172.16.0.101
	Source Port:		53984
	
Share Information:
	Share Name:		\\*\IPC$
	Share Path:		
	Relative Target Name:	svcctl

Access Request Information:
	Access Mask:		0x3
	Accesses:		ReadData (or ListDirectory)
				WriteData (or AddFile)
				
Access Check Results:
	-
